[INFO  - 2017-10-16T06:02:52.261Z] GhostDriver - Main - running on port 1804
[INFO  - 2017-10-16T06:02:53.430Z] Session [a5e47e10-b237-11e7-8c6e-2da208038b14] - page.settings - {"XSSAuditingEnabled":false,"javascriptCanCloseWindows":true,"javascriptCanOpenWindows":true,"javascriptEnabled":true,"loadImages":false,"localToRemoteUrlAccessEnabled":false,"userAgent":"Mozilla/5.0 (Windows NT 6.1; WOW64) AppleWebKit/538.1 (KHTML, like Gecko) PhantomJS/2.1.1 Safari/538.1","webSecurityEnabled":true}
[INFO  - 2017-10-16T06:02:53.430Z] Session [a5e47e10-b237-11e7-8c6e-2da208038b14] - page.customHeaders:  - {}
[INFO  - 2017-10-16T06:02:53.430Z] Session [a5e47e10-b237-11e7-8c6e-2da208038b14] - Session.negotiatedCapabilities - {"browserName":"phantomjs","version":"2.1.1","driverName":"ghostdriver","driverVersion":"1.2.0","platform":"windows-7-32bit","javascriptEnabled":true,"takesScreenshot":true,"handlesAlerts":false,"databaseEnabled":false,"locationContextEnabled":false,"applicationCacheEnabled":false,"browserConnectionEnabled":false,"cssSelectorsEnabled":true,"webStorageEnabled":false,"rotatable":false,"acceptSslCerts":false,"nativeEvents":true,"proxy":{"proxyType":"direct"}}
[INFO  - 2017-10-16T06:02:53.430Z] SessionManagerReqHand - _postNewSessionCommand - New Session Created: a5e47e10-b237-11e7-8c6e-2da208038b14
[ERROR - 2017-10-16T06:02:55.536Z] WebElementLocator - _handleLocateCommand - Element(s) NOT Found: GAVE UP. Search Stop Time: 1508133775532

  phantomjs://platform/console++.js:263 in error
[ERROR - 2017-10-16T06:02:56.429Z] WebElementLocator - _handleLocateCommand - Element(s) NOT Found: GAVE UP. Search Stop Time: 1508133776379

  phantomjs://platform/console++.js:263 in error
[ERROR - 2017-10-16T06:02:57.319Z] WebElementLocator - _handleLocateCommand - Element(s) NOT Found: GAVE UP. Search Stop Time: 1508133777256

  phantomjs://platform/console++.js:263 in error
[ERROR - 2017-10-16T06:02:58.193Z] WebElementLocator - _handleLocateCommand - Element(s) NOT Found: GAVE UP. Search Stop Time: 1508133778146

  phantomjs://platform/console++.js:263 in error
[ERROR - 2017-10-16T06:02:59.068Z] WebElementLocator - _handleLocateCommand - Element(s) NOT Found: GAVE UP. Search Stop Time: 1508133779017

  phantomjs://platform/console++.js:263 in error
[ERROR - 2017-10-16T06:02:59.903Z] WebElementLocator - _handleLocateCommand - Element(s) NOT Found: GAVE UP. Search Stop Time: 1508133779899

  phantomjs://platform/console++.js:263 in error
[ERROR - 2017-10-16T06:03:00.788Z] WebElementLocator - _handleLocateCommand - Element(s) NOT Found: GAVE UP. Search Stop Time: 1508133780731

  phantomjs://platform/console++.js:263 in error
[ERROR - 2017-10-16T06:03:01.660Z] WebElementLocator - _handleLocateCommand - Element(s) NOT Found: GAVE UP. Search Stop Time: 1508133781604

  phantomjs://platform/console++.js:263 in error
[ERROR - 2017-10-16T06:03:02.556Z] WebElementLocator - _handleLocateCommand - Element(s) NOT Found: GAVE UP. Search Stop Time: 1508133782508

  phantomjs://platform/console++.js:263 in error
[ERROR - 2017-10-16T06:03:03.454Z] WebElementLocator - _handleLocateCommand - Element(s) NOT Found: GAVE UP. Search Stop Time: 1508133783400

  phantomjs://platform/console++.js:263 in error
[ERROR - 2017-10-16T06:03:04.321Z] WebElementLocator - _handleLocateCommand - Element(s) NOT Found: GAVE UP. Search Stop Time: 1508133784274

  phantomjs://platform/console++.js:263 in error
[ERROR - 2017-10-16T06:03:05.200Z] WebElementLocator - _handleLocateCommand - Element(s) NOT Found: GAVE UP. Search Stop Time: 1508133785154

  phantomjs://platform/console++.js:263 in error
[ERROR - 2017-10-16T06:03:06.075Z] WebElementLocator - _handleLocateCommand - Element(s) NOT Found: GAVE UP. Search Stop Time: 1508133786029

  phantomjs://platform/console++.js:263 in error
[ERROR - 2017-10-16T06:03:06.895Z] WebElementLocator - _handleLocateCommand - Element(s) NOT Found: GAVE UP. Search Stop Time: 1508133786892

  phantomjs://platform/console++.js:263 in error
[ERROR - 2017-10-16T06:03:07.764Z] WebElementLocator - _handleLocateCommand - Element(s) NOT Found: GAVE UP. Search Stop Time: 1508133787713

  phantomjs://platform/console++.js:263 in error
[ERROR - 2017-10-16T06:03:08.673Z] WebElementLocator - _handleLocateCommand - Element(s) NOT Found: GAVE UP. Search Stop Time: 1508133788614

  phantomjs://platform/console++.js:263 in error
[ERROR - 2017-10-16T06:03:09.552Z] WebElementLocator - _handleLocateCommand - Element(s) NOT Found: GAVE UP. Search Stop Time: 1508133789502

  phantomjs://platform/console++.js:263 in error
