[INFO  - 2017-10-16T06:03:50.731Z] GhostDriver - Main - running on port 1840
[INFO  - 2017-10-16T06:03:51.904Z] Session [c8be2760-b237-11e7-91ce-933c56c42619] - page.settings - {"XSSAuditingEnabled":false,"javascriptCanCloseWindows":true,"javascriptCanOpenWindows":true,"javascriptEnabled":true,"loadImages":false,"localToRemoteUrlAccessEnabled":false,"userAgent":"Mozilla/5.0 (Windows NT 6.1; WOW64) AppleWebKit/538.1 (KHTML, like Gecko) PhantomJS/2.1.1 Safari/538.1","webSecurityEnabled":true}
[INFO  - 2017-10-16T06:03:51.904Z] Session [c8be2760-b237-11e7-91ce-933c56c42619] - page.customHeaders:  - {}
[INFO  - 2017-10-16T06:03:51.904Z] Session [c8be2760-b237-11e7-91ce-933c56c42619] - Session.negotiatedCapabilities - {"browserName":"phantomjs","version":"2.1.1","driverName":"ghostdriver","driverVersion":"1.2.0","platform":"windows-7-32bit","javascriptEnabled":true,"takesScreenshot":true,"handlesAlerts":false,"databaseEnabled":false,"locationContextEnabled":false,"applicationCacheEnabled":false,"browserConnectionEnabled":false,"cssSelectorsEnabled":true,"webStorageEnabled":false,"rotatable":false,"acceptSslCerts":false,"nativeEvents":true,"proxy":{"proxyType":"direct"}}
[INFO  - 2017-10-16T06:03:51.905Z] SessionManagerReqHand - _postNewSessionCommand - New Session Created: c8be2760-b237-11e7-91ce-933c56c42619
[ERROR - 2017-10-16T06:03:52.121Z] WebElementLocator - _handleLocateCommand - Element(s) NOT Found: GAVE UP. Search Stop Time: 1508133832119

  phantomjs://platform/console++.js:263 in error
[ERROR - 2017-10-16T06:03:53.040Z] WebElementLocator - _handleLocateCommand - Element(s) NOT Found: GAVE UP. Search Stop Time: 1508133832988

  phantomjs://platform/console++.js:263 in error
[ERROR - 2017-10-16T06:03:53.901Z] WebElementLocator - _handleLocateCommand - Element(s) NOT Found: GAVE UP. Search Stop Time: 1508133833849

  phantomjs://platform/console++.js:263 in error
[ERROR - 2017-10-16T06:03:54.759Z] WebElementLocator - _handleLocateCommand - Element(s) NOT Found: GAVE UP. Search Stop Time: 1508133834708

  phantomjs://platform/console++.js:263 in error
[ERROR - 2017-10-16T06:03:55.636Z] WebElementLocator - _handleLocateCommand - Element(s) NOT Found: GAVE UP. Search Stop Time: 1508133835583

  phantomjs://platform/console++.js:263 in error
[ERROR - 2017-10-16T06:03:56.493Z] WebElementLocator - _handleLocateCommand - Element(s) NOT Found: GAVE UP. Search Stop Time: 1508133836443

  phantomjs://platform/console++.js:263 in error
[ERROR - 2017-10-16T06:03:57.339Z] WebElementLocator - _handleLocateCommand - Element(s) NOT Found: GAVE UP. Search Stop Time: 1508133837289

  phantomjs://platform/console++.js:263 in error
[ERROR - 2017-10-16T06:03:58.183Z] WebElementLocator - _handleLocateCommand - Element(s) NOT Found: GAVE UP. Search Stop Time: 1508133838132

  phantomjs://platform/console++.js:263 in error
[ERROR - 2017-10-16T06:03:59.046Z] WebElementLocator - _handleLocateCommand - Element(s) NOT Found: GAVE UP. Search Stop Time: 1508133838992

  phantomjs://platform/console++.js:263 in error
[ERROR - 2017-10-16T06:03:59.904Z] WebElementLocator - _handleLocateCommand - Element(s) NOT Found: GAVE UP. Search Stop Time: 1508133839852

  phantomjs://platform/console++.js:263 in error
[ERROR - 2017-10-16T06:04:00.764Z] WebElementLocator - _handleLocateCommand - Element(s) NOT Found: GAVE UP. Search Stop Time: 1508133840712

  phantomjs://platform/console++.js:263 in error
[ERROR - 2017-10-16T06:04:01.609Z] WebElementLocator - _handleLocateCommand - Element(s) NOT Found: GAVE UP. Search Stop Time: 1508133841556

  phantomjs://platform/console++.js:263 in error
[ERROR - 2017-10-16T06:04:02.475Z] WebElementLocator - _handleLocateCommand - Element(s) NOT Found: GAVE UP. Search Stop Time: 1508133842415

  phantomjs://platform/console++.js:263 in error
[ERROR - 2017-10-16T06:04:03.333Z] WebElementLocator - _handleLocateCommand - Element(s) NOT Found: GAVE UP. Search Stop Time: 1508133843281

  phantomjs://platform/console++.js:263 in error
[ERROR - 2017-10-16T06:04:04.208Z] WebElementLocator - _handleLocateCommand - Element(s) NOT Found: GAVE UP. Search Stop Time: 1508133844156

  phantomjs://platform/console++.js:263 in error
[ERROR - 2017-10-16T06:04:05.054Z] WebElementLocator - _handleLocateCommand - Element(s) NOT Found: GAVE UP. Search Stop Time: 1508133845001

  phantomjs://platform/console++.js:263 in error
[ERROR - 2017-10-16T06:04:05.960Z] WebElementLocator - _handleLocateCommand - Element(s) NOT Found: GAVE UP. Search Stop Time: 1508133845908

  phantomjs://platform/console++.js:263 in error
[ERROR - 2017-10-16T06:04:06.836Z] WebElementLocator - _handleLocateCommand - Element(s) NOT Found: GAVE UP. Search Stop Time: 1508133846784

  phantomjs://platform/console++.js:263 in error
[ERROR - 2017-10-16T06:04:07.697Z] WebElementLocator - _handleLocateCommand - Element(s) NOT Found: GAVE UP. Search Stop Time: 1508133847645

  phantomjs://platform/console++.js:263 in error
[ERROR - 2017-10-16T06:04:08.542Z] WebElementLocator - _handleLocateCommand - Element(s) NOT Found: GAVE UP. Search Stop Time: 1508133848489

  phantomjs://platform/console++.js:263 in error
[ERROR - 2017-10-16T06:04:09.385Z] WebElementLocator - _handleLocateCommand - Element(s) NOT Found: GAVE UP. Search Stop Time: 1508133849334

  phantomjs://platform/console++.js:263 in error
[ERROR - 2017-10-16T06:04:10.261Z] WebElementLocator - _handleLocateCommand - Element(s) NOT Found: GAVE UP. Search Stop Time: 1508133850210

  phantomjs://platform/console++.js:263 in error
[ERROR - 2017-10-16T06:04:11.122Z] WebElementLocator - _handleLocateCommand - Element(s) NOT Found: GAVE UP. Search Stop Time: 1508133851117

  phantomjs://platform/console++.js:263 in error
[ERROR - 2017-10-16T06:04:11.965Z] WebElementLocator - _handleLocateCommand - Element(s) NOT Found: GAVE UP. Search Stop Time: 1508133851915

  phantomjs://platform/console++.js:263 in error
[ERROR - 2017-10-16T06:04:12.837Z] WebElementLocator - _handleLocateCommand - Element(s) NOT Found: GAVE UP. Search Stop Time: 1508133852776

  phantomjs://platform/console++.js:263 in error
[ERROR - 2017-10-16T06:04:13.703Z] WebElementLocator - _handleLocateCommand - Element(s) NOT Found: GAVE UP. Search Stop Time: 1508133853651

  phantomjs://platform/console++.js:263 in error
[ERROR - 2017-10-16T06:04:14.579Z] WebElementLocator - _handleLocateCommand - Element(s) NOT Found: GAVE UP. Search Stop Time: 1508133854526

  phantomjs://platform/console++.js:263 in error
[ERROR - 2017-10-16T06:04:15.430Z] WebElementLocator - _handleLocateCommand - Element(s) NOT Found: GAVE UP. Search Stop Time: 1508133855381

  phantomjs://platform/console++.js:263 in error
[ERROR - 2017-10-16T06:04:16.304Z] WebElementLocator - _handleLocateCommand - Element(s) NOT Found: GAVE UP. Search Stop Time: 1508133856258

  phantomjs://platform/console++.js:263 in error
[ERROR - 2017-10-16T06:04:17.164Z] WebElementLocator - _handleLocateCommand - Element(s) NOT Found: GAVE UP. Search Stop Time: 1508133857112

  phantomjs://platform/console++.js:263 in error
[ERROR - 2017-10-16T06:04:18.037Z] WebElementLocator - _handleLocateCommand - Element(s) NOT Found: GAVE UP. Search Stop Time: 1508133857985

  phantomjs://platform/console++.js:263 in error
[ERROR - 2017-10-16T06:04:18.893Z] WebElementLocator - _handleLocateCommand - Element(s) NOT Found: GAVE UP. Search Stop Time: 1508133858844

  phantomjs://platform/console++.js:263 in error
[ERROR - 2017-10-16T06:04:19.763Z] WebElementLocator - _handleLocateCommand - Element(s) NOT Found: GAVE UP. Search Stop Time: 1508133859713

  phantomjs://platform/console++.js:263 in error
[ERROR - 2017-10-16T06:04:20.612Z] WebElementLocator - _handleLocateCommand - Element(s) NOT Found: GAVE UP. Search Stop Time: 1508133860561

  phantomjs://platform/console++.js:263 in error
[ERROR - 2017-10-16T06:04:21.495Z] WebElementLocator - _handleLocateCommand - Element(s) NOT Found: GAVE UP. Search Stop Time: 1508133861450

  phantomjs://platform/console++.js:263 in error
[ERROR - 2017-10-16T06:04:22.355Z] WebElementLocator - _handleLocateCommand - Element(s) NOT Found: GAVE UP. Search Stop Time: 1508133862304

  phantomjs://platform/console++.js:263 in error
[ERROR - 2017-10-16T06:04:23.218Z] WebElementLocator - _handleLocateCommand - Element(s) NOT Found: GAVE UP. Search Stop Time: 1508133863177

  phantomjs://platform/console++.js:263 in error
[ERROR - 2017-10-16T06:04:24.089Z] WebElementLocator - _handleLocateCommand - Element(s) NOT Found: GAVE UP. Search Stop Time: 1508133864041

  phantomjs://platform/console++.js:263 in error
[ERROR - 2017-10-16T06:04:24.923Z] WebElementLocator - _handleLocateCommand - Element(s) NOT Found: GAVE UP. Search Stop Time: 1508133864922

  phantomjs://platform/console++.js:263 in error
[ERROR - 2017-10-16T06:04:25.788Z] WebElementLocator - _handleLocateCommand - Element(s) NOT Found: GAVE UP. Search Stop Time: 1508133865740

  phantomjs://platform/console++.js:263 in error
[ERROR - 2017-10-16T06:04:26.660Z] WebElementLocator - _handleLocateCommand - Element(s) NOT Found: GAVE UP. Search Stop Time: 1508133866613

  phantomjs://platform/console++.js:263 in error
[ERROR - 2017-10-16T06:04:27.540Z] WebElementLocator - _handleLocateCommand - Element(s) NOT Found: GAVE UP. Search Stop Time: 1508133867488

  phantomjs://platform/console++.js:263 in error
[ERROR - 2017-10-16T06:04:28.480Z] WebElementLocator - _handleLocateCommand - Element(s) NOT Found: GAVE UP. Search Stop Time: 1508133868430

  phantomjs://platform/console++.js:263 in error
[ERROR - 2017-10-16T06:04:29.357Z] WebElementLocator - _handleLocateCommand - Element(s) NOT Found: GAVE UP. Search Stop Time: 1508133869308

  phantomjs://platform/console++.js:263 in error
[ERROR - 2017-10-16T06:04:30.218Z] WebElementLocator - _handleLocateCommand - Element(s) NOT Found: GAVE UP. Search Stop Time: 1508133870164

  phantomjs://platform/console++.js:263 in error
[ERROR - 2017-10-16T06:04:31.120Z] WebElementLocator - _handleLocateCommand - Element(s) NOT Found: GAVE UP. Search Stop Time: 1508133871067

  phantomjs://platform/console++.js:263 in error
[ERROR - 2017-10-16T06:04:31.976Z] WebElementLocator - _handleLocateCommand - Element(s) NOT Found: GAVE UP. Search Stop Time: 1508133871925

  phantomjs://platform/console++.js:263 in error
[ERROR - 2017-10-16T06:04:32.848Z] WebElementLocator - _handleLocateCommand - Element(s) NOT Found: GAVE UP. Search Stop Time: 1508133872797

  phantomjs://platform/console++.js:263 in error
[ERROR - 2017-10-16T06:04:33.728Z] WebElementLocator - _handleLocateCommand - Element(s) NOT Found: GAVE UP. Search Stop Time: 1508133873671

  phantomjs://platform/console++.js:263 in error
[ERROR - 2017-10-16T06:04:34.587Z] WebElementLocator - _handleLocateCommand - Element(s) NOT Found: GAVE UP. Search Stop Time: 1508133874535

  phantomjs://platform/console++.js:263 in error
[ERROR - 2017-10-16T06:04:35.490Z] WebElementLocator - _handleLocateCommand - Element(s) NOT Found: GAVE UP. Search Stop Time: 1508133875437

  phantomjs://platform/console++.js:263 in error
[ERROR - 2017-10-16T06:04:36.377Z] WebElementLocator - _handleLocateCommand - Element(s) NOT Found: GAVE UP. Search Stop Time: 1508133876319

  phantomjs://platform/console++.js:263 in error
[ERROR - 2017-10-16T06:04:37.238Z] WebElementLocator - _handleLocateCommand - Element(s) NOT Found: GAVE UP. Search Stop Time: 1508133877191

  phantomjs://platform/console++.js:263 in error
[ERROR - 2017-10-16T06:04:38.122Z] WebElementLocator - _handleLocateCommand - Element(s) NOT Found: GAVE UP. Search Stop Time: 1508133878062

  phantomjs://platform/console++.js:263 in error
[ERROR - 2017-10-16T06:04:39.002Z] WebElementLocator - _handleLocateCommand - Element(s) NOT Found: GAVE UP. Search Stop Time: 1508133878956

  phantomjs://platform/console++.js:263 in error
[ERROR - 2017-10-16T06:04:39.858Z] WebElementLocator - _handleLocateCommand - Element(s) NOT Found: GAVE UP. Search Stop Time: 1508133879807

  phantomjs://platform/console++.js:263 in error
[ERROR - 2017-10-16T06:04:40.717Z] WebElementLocator - _handleLocateCommand - Element(s) NOT Found: GAVE UP. Search Stop Time: 1508133880658

  phantomjs://platform/console++.js:263 in error
[ERROR - 2017-10-16T06:04:41.577Z] WebElementLocator - _handleLocateCommand - Element(s) NOT Found: GAVE UP. Search Stop Time: 1508133881526

  phantomjs://platform/console++.js:263 in error
[ERROR - 2017-10-16T06:04:42.440Z] WebElementLocator - _handleLocateCommand - Element(s) NOT Found: GAVE UP. Search Stop Time: 1508133882388

  phantomjs://platform/console++.js:263 in error
[ERROR - 2017-10-16T06:04:43.301Z] WebElementLocator - _handleLocateCommand - Element(s) NOT Found: GAVE UP. Search Stop Time: 1508133883245

  phantomjs://platform/console++.js:263 in error
[ERROR - 2017-10-16T06:04:44.141Z] WebElementLocator - _handleLocateCommand - Element(s) NOT Found: GAVE UP. Search Stop Time: 1508133884095

  phantomjs://platform/console++.js:263 in error
[ERROR - 2017-10-16T06:04:45.013Z] WebElementLocator - _handleLocateCommand - Element(s) NOT Found: GAVE UP. Search Stop Time: 1508133884962

  phantomjs://platform/console++.js:263 in error
[ERROR - 2017-10-16T06:04:45.876Z] WebElementLocator - _handleLocateCommand - Element(s) NOT Found: GAVE UP. Search Stop Time: 1508133885818

  phantomjs://platform/console++.js:263 in error
[ERROR - 2017-10-16T06:04:46.733Z] WebElementLocator - _handleLocateCommand - Element(s) NOT Found: GAVE UP. Search Stop Time: 1508133886673

  phantomjs://platform/console++.js:263 in error
[ERROR - 2017-10-16T06:04:47.598Z] WebElementLocator - _handleLocateCommand - Element(s) NOT Found: GAVE UP. Search Stop Time: 1508133887549

  phantomjs://platform/console++.js:263 in error
[ERROR - 2017-10-16T06:04:48.461Z] WebElementLocator - _handleLocateCommand - Element(s) NOT Found: GAVE UP. Search Stop Time: 1508133888408

  phantomjs://platform/console++.js:263 in error
[ERROR - 2017-10-16T06:04:49.318Z] WebElementLocator - _handleLocateCommand - Element(s) NOT Found: GAVE UP. Search Stop Time: 1508133889268

  phantomjs://platform/console++.js:263 in error
[ERROR - 2017-10-16T06:04:50.170Z] WebElementLocator - _handleLocateCommand - Element(s) NOT Found: GAVE UP. Search Stop Time: 1508133890126

  phantomjs://platform/console++.js:263 in error
[ERROR - 2017-10-16T06:04:51.041Z] WebElementLocator - _handleLocateCommand - Element(s) NOT Found: GAVE UP. Search Stop Time: 1508133890992

  phantomjs://platform/console++.js:263 in error
[ERROR - 2017-10-16T06:04:51.888Z] WebElementLocator - _handleLocateCommand - Element(s) NOT Found: GAVE UP. Search Stop Time: 1508133891837

  phantomjs://platform/console++.js:263 in error
